\BOOKMARK [0][-]{section*.1}{\376\377\000D\000e\000c\000l\000a\000r\000a\000t\000i\000o\000n\000\040\000o\000f\000\040\000A\000u\000t\000h\000o\000r\000s\000h\000i\000p}{}% 1
\BOOKMARK [0][-]{section*.2}{\376\377\000A\000b\000s\000t\000r\000a\000c\000t}{}% 2
\BOOKMARK [0][-]{section*.3}{\376\377\000A\000c\000k\000n\000o\000w\000l\000e\000d\000g\000e\000m\000e\000n\000t\000s}{}% 3
\BOOKMARK [0][-]{chapter.14}{\376\377\000E\000l\000l\000i\000p\000t\000i\000c\000\040\000C\000u\000r\000v\000e\000\040\000G\000e\000o\000m\000e\000t\000r\000y}{}% 4
\BOOKMARK [1][-]{section.15}{\376\377\000I\000n\000t\000r\000o\000d\000u\000c\000t\000i\000o\000n}{chapter.14}% 5
\BOOKMARK [1][-]{section.16}{\376\377\000E\000l\000l\000i\000p\000t\000i\000c\000\040\000C\000u\000r\000v\000e\000\040\000o\000v\000e\000r\000\040\000F\000p}{chapter.14}% 6
\BOOKMARK [2][-]{subsection.20}{\376\377\000O\000p\000e\000r\000a\000t\000i\000o\000n\000s}{section.16}% 7
\BOOKMARK [3][-]{section*.21}{\376\377\000S\000y\000m\000m\000e\000t\000r\000y}{subsection.20}% 8
\BOOKMARK [3][-]{section*.22}{\376\377\000P\000o\000i\000n\000t\000\040\000a\000d\000d\000i\000t\000i\000o\000n}{subsection.20}% 9
\BOOKMARK [3][-]{section*.24}{\376\377\000S\000c\000a\000l\000a\000r\000\040\000m\000u\000l\000t\000i\000p\000l\000i\000c\000a\000t\000i\000o\000n}{subsection.20}% 10
\BOOKMARK [2][-]{subsection.25}{\376\377\000G\000r\000o\000u\000p\000\040\000o\000r\000d\000e\000r}{section.16}% 11
\BOOKMARK [3][-]{section*.26}{\376\377\000C\000y\000c\000l\000i\000c\000\040\000s\000u\000b\000g\000r\000o\000u\000p\000s}{subsection.25}% 12
\BOOKMARK [1][-]{section.29}{\376\377\000B\000i\000t\000c\000o\000i\000n\000\040\000p\000r\000i\000v\000a\000t\000e\000-\000p\000u\000b\000l\000i\000c\000\040\000k\000e\000y\000\040\000c\000r\000y\000p\000t\000o\000g\000r\000a\000p\000h\000y}{chapter.14}% 13
\BOOKMARK [2][-]{subsection.30}{\376\377\000B\000i\000t\000c\000o\000i\000n\000\040\000E\000l\000l\000i\000p\000t\000i\000c\000\040\000C\000u\000r\000v\000e}{section.29}% 14
\BOOKMARK [2][-]{subsection.36}{\376\377\000B\000i\000t\000c\000o\000i\000n\000\040\000k\000e\000y\000s\000\040\000r\000a\000p\000r\000e\000s\000e\000n\000t\000a\000t\000i\000o\000n\000\040\000a\000n\000d\000\040\000a\000d\000d\000r\000e\000s\000s\000e\000s}{section.29}% 15
\BOOKMARK [3][-]{section*.37}{\376\377\000U\000n\000c\000o\000m\000p\000r\000e\000s\000s\000e\000d\000\040\000p\000u\000b\000l\000i\000c\000\040\000k\000e\000y}{subsection.36}% 16
\BOOKMARK [3][-]{section*.38}{\376\377\000C\000o\000m\000p\000r\000e\000s\000s\000e\000d\000\040\000p\000u\000b\000l\000i\000c\000\040\000k\000e\000y}{subsection.36}% 17
\BOOKMARK [3][-]{section*.39}{\376\377\000W\000I\000F\000\040\000P\000r\000i\000v\000a\000t\000e\000\040\000K\000e\000y}{subsection.36}% 18
\BOOKMARK [3][-]{section*.40}{\376\377\000A\000d\000d\000r\000e\000s\000s}{subsection.36}% 19
\BOOKMARK [0][-]{chapter.41}{\376\377\000W\000a\000l\000l\000e\000t}{}% 20
\BOOKMARK [1][-]{section.43}{\376\377\000N\000o\000n\000d\000e\000t\000e\000r\000m\000i\000n\000i\000s\000t\000i\000c\000\040\000\050\000r\000a\000n\000d\000o\000m\000\051\000\040\000W\000a\000l\000l\000e\000t}{chapter.41}% 21
\BOOKMARK [2][-]{section*.47}{\376\377\000P\000r\000o\000s\000\040\000a\000n\000d\000\040\000C\000o\000n\000s}{section.43}% 22
\BOOKMARK [1][-]{section.48}{\376\377\000D\000e\000t\000e\000r\000m\000i\000n\000i\000s\000t\000i\000c\000\040\000W\000a\000l\000l\000e\000t\000s}{chapter.41}% 23
\BOOKMARK [2][-]{subsection.49}{\376\377\000D\000e\000t\000e\000r\000m\000i\000n\000i\000s\000t\000i\000c\000\040\000W\000a\000l\000l\000e\000t\000\040\000t\000y\000p\000e\000-\0001}{section.48}% 24
\BOOKMARK [3][-]{section*.54}{\376\377\000P\000r\000o\000s\000\040\000a\000n\000d\000\040\000C\000o\000n\000s}{subsection.49}% 25
\BOOKMARK [1][-]{section.55}{\376\377\000H\000i\000e\000r\000a\000r\000c\000h\000i\000c\000a\000l\000\040\000d\000e\000t\000e\000r\000m\000i\000n\000i\000s\000t\000i\000c\000\040\000W\000a\000l\000l\000e\000t\000s}{chapter.41}% 26
\BOOKMARK [2][-]{subsection.56}{\376\377\000K\000e\000y\000\040\000C\000o\000n\000c\000e\000p\000t}{section.55}% 27
\BOOKMARK [3][-]{section*.57}{\376\377\000S\000e\000e\000d}{subsection.56}% 28
\BOOKMARK [3][-]{section*.58}{\376\377\000E\000x\000t\000e\000n\000d\000e\000d\000\040\000K\000e\000y}{subsection.56}% 29
\BOOKMARK [3][-]{section*.59}{\376\377\000M\000n\000e\000m\000o\000n\000i\000c\000\040\000a\000n\000d\000\040\000P\000a\000s\000s\000p\000h\000r\000a\000s\000e}{subsection.56}% 30
\BOOKMARK [2][-]{subsection.60}{\376\377\000P\000r\000o\000s\000\040\000a\000n\000d\000\040\000C\000o\000n\000s}{section.55}% 31
\BOOKMARK [0][-]{chapter.61}{\376\377\000S\000e\000e\000d\000\040\000t\000o\000\040\000M\000a\000s\000t\000e\000r\000\040\000P\000r\000i\000v\000a\000t\000e\000\040\000K\000e\000y}{}% 32
\BOOKMARK [1][-]{section.62}{\376\377\000F\000u\000n\000c\000t\000i\000o\000n\000a\000l\000\040\000e\000x\000p\000l\000a\000n\000a\000t\000i\000o\000n}{chapter.61}% 33
\BOOKMARK [1][-]{section.63}{\376\377\000C\000o\000d\000e\000\040\000i\000m\000p\000l\000e\000m\000e\000n\000t\000a\000t\000i\000o\000n}{chapter.61}% 34
\BOOKMARK [0][-]{chapter.64}{\376\377\000C\000h\000i\000l\000d\000\040\000K\000e\000y\000\040\000D\000e\000r\000i\000v\000a\000t\000i\000o\000n}{}% 35
\BOOKMARK [1][-]{section.65}{\376\377\000F\000u\000n\000c\000t\000i\000o\000n\000a\000l\000\040\000e\000x\000p\000l\000a\000n\000a\000t\000i\000o\000n}{chapter.64}% 36
\BOOKMARK [1][-]{section.66}{\376\377\000N\000o\000r\000m\000a\000l\000\040\000d\000e\000r\000i\000v\000a\000t\000i\000o\000n}{chapter.64}% 37
\BOOKMARK [2][-]{subsection.67}{\376\377\000D\000e\000r\000i\000v\000e\000\040\000p\000u\000b\000l\000i\000c\000\040\000c\000h\000i\000l\000d\000\040\000f\000r\000o\000m\000\040\000p\000u\000b\000l\000i\000c\000\040\000p\000a\000r\000e\000n\000t}{section.66}% 38
\BOOKMARK [2][-]{subsection.68}{\376\377\000P\000o\000s\000s\000i\000b\000l\000e\000\040\000R\000i\000s\000k}{section.66}% 39
\BOOKMARK [1][-]{section.69}{\376\377\000H\000a\000r\000d\000e\000n\000e\000d\000\040\000d\000e\000r\000i\000v\000a\000t\000i\000o\000n}{chapter.64}% 40
\BOOKMARK [0][-]{chapter.70}{\376\377\000M\000n\000e\000m\000o\000n\000i\000c\000\040\000t\000o\000\040\000S\000e\000e\000d}{}% 41
\BOOKMARK [1][-]{section.71}{\376\377\000F\000u\000n\000c\000t\000i\000o\000n\000a\000l\000\040\000e\000x\000p\000l\000a\000n\000a\000t\000i\000o\000n}{chapter.70}% 42
\BOOKMARK [1][-]{section.72}{\376\377\000B\000I\000P\000\040\0003\0009\000\040\000d\000e\000r\000i\000v\000a\000t\000i\000o\000n}{chapter.70}% 43
\BOOKMARK [2][-]{subsection.73}{\376\377\000M\000n\000e\000m\000o\000n\000i\000c\000\040\000g\000e\000n\000e\000r\000a\000t\000i\000o\000n}{section.72}% 44
\BOOKMARK [2][-]{subsection.74}{\376\377\000S\000e\000e\000d\000\040\000d\000e\000r\000i\000v\000a\000t\000i\000o\000n}{section.72}% 45
\BOOKMARK [1][-]{section.75}{\376\377\000E\000l\000e\000c\000t\000r\000u\000m\000\040\000d\000e\000r\000i\000v\000a\000t\000i\000o\000n}{chapter.70}% 46
\BOOKMARK [2][-]{subsection.76}{\376\377\000M\000n\000e\000m\000o\000n\000i\000c\000\040\000g\000e\000n\000e\000r\000a\000t\000i\000o\000n}{section.75}% 47
\BOOKMARK [2][-]{subsection.77}{\376\377\000S\000e\000e\000d\000\040\000d\000e\000r\000i\000v\000a\000t\000i\000o\000n}{section.75}% 48
\BOOKMARK [1][-]{section.78}{\376\377\000B\000I\000P\0003\0009\000\040\000v\000s\000\040\000E\000l\000e\000c\000t\000r\000u\000m\000\040\000d\000e\000r\000i\000v\000a\000t\000i\000o\000n}{chapter.70}% 49
\BOOKMARK [0][-]{chapter.79}{\376\377\000H\000o\000w\000\040\000t\000o\000\040\000u\000s\000e\000\040\000a\000\040\000H\000D\000\040\000W\000a\000l\000l\000e\000t}{}% 50
\BOOKMARK [1][-]{section.80}{\376\377\000M\000u\000l\000t\000i\000-\000c\000o\000i\000n\000\040\000w\000a\000l\000l\000e\000t\000\040\000B\000I\000P\000\040\0004\0004}{chapter.79}% 51
\BOOKMARK [0][-]{appendix.81}{\376\377\000F\000r\000e\000q\000u\000e\000n\000t\000l\000y\000\040\000A\000s\000k\000e\000d\000\040\000Q\000u\000e\000s\000t\000i\000o\000n\000s}{}% 52
\BOOKMARK [1][-]{section.82}{\376\377\000H\000o\000w\000\040\000d\000o\000\040\000I\000\040\000c\000h\000a\000n\000g\000e\000\040\000t\000h\000e\000\040\000c\000o\000l\000o\000r\000s\000\040\000o\000f\000\040\000l\000i\000n\000k\000s\000?}{appendix.81}% 53
\BOOKMARK [0][-]{appendix*.83}{\376\377\000B\000i\000b\000l\000i\000o\000g\000r\000a\000p\000h\000y}{}% 54
